SF:lib\core\error\exception.dart
DA:4,0
DA:10,0
DA:16,0
DA:22,0
LF:4
LH:0
end_of_record
SF:lib\features\profile\data\datasources\profile_remote_data_source.dart
DA:16,1
DA:18,0
DA:20,0
DA:21,0
DA:23,0
DA:24,0
DA:25,0
DA:26,0
DA:27,0
DA:28,0
DA:29,0
DA:31,0
DA:35,0
DA:37,0
DA:38,0
DA:40,0
DA:41,0
DA:42,0
DA:44,0
DA:45,0
DA:46,0
DA:48,0
LF:22
LH:1
end_of_record
SF:lib\features\profile\data\models\profile_model.dart
DA:8,1
DA:14,1
DA:15,1
DA:19,1
DA:20,1
DA:21,1
DA:22,1
DA:23,1
DA:24,1
DA:25,1
DA:29,0
DA:30,0
DA:31,0
DA:32,0
DA:33,0
DA:34,0
DA:35,0
DA:39,0
DA:40,0
DA:42,0
LF:20
LH:10
end_of_record
SF:lib\features\profile\domain\entities\profile_entity.dart
DA:9,1
DA:16,0
DA:17,0
DA:18,0
DA:19,0
DA:20,0
DA:21,0
LF:7
LH:1
end_of_record
